# Elapsed time   CPU (%)     Real (MB)   Virtual (MB)
       0.000        0.000       57.641      778.668
       1.015      511.600       59.652      780.594
       2.030      870.900       61.438      782.520
       3.051      753.600       63.984      784.879
       4.066      674.500       65.523      786.367
       5.082      656.000       67.055      787.980
       6.100      713.900       69.438      790.340
       7.115      700.500       71.480      792.449
       8.131      663.900       73.020      794.051
       9.147      652.500       73.273      794.344
      10.166      703.800       73.527      794.492
      11.189      474.200       73.766      794.785
      12.252      732.000       74.020      795.180
      13.268      730.700       75.051      795.996
      14.284      767.700       75.566      796.520
      15.302      777.900       76.340      797.312
      16.317      741.800       77.113      798.250
      17.332      602.800       77.883      798.918
      18.349      738.200       78.301      799.242
      19.363      601.900       67.367      788.164
      20.380      630.400       67.367      788.164
      21.396      661.500       67.367      788.164
      22.412      752.600       67.367      788.164
      23.426      543.900       67.367      788.164
      24.443      631.600       68.375      789.387
      25.462      604.300       69.922      790.805
      26.477      853.100       71.469      792.484
      27.498      602.400       72.758      793.723
      28.514      600.800       74.047      794.965
      29.531      430.300       74.562      795.582
      30.551      390.300       74.816      795.895
      31.571      298.100       75.332      796.203
      32.591      241.100       75.586      796.512
      33.611      224.600       76.102      797.133
      34.626      440.500       77.133      798.062
      35.641      223.500       77.391      798.371
      36.656      664.900       78.422      799.301
      37.678      671.100       79.195      800.230
      38.699      699.300       80.742      801.781
      39.720      631.300       81.258      802.234
      40.742      675.700       81.516      802.527
      41.758      546.300       81.516      802.672
      42.775        3.900       81.773      802.672
      43.802      639.900       82.031      802.965
      44.816      732.300       82.289      803.258
      45.832      647.700       82.633      803.551
      46.861      596.100       82.887      803.848
      47.877      908.300       83.145      804.141
      48.892      516.200       83.402      804.285
      49.908      571.200       83.402      804.578
      50.929      703.000       83.918      804.953
      51.944      769.600       84.691      805.770
      52.966      541.700       85.465      806.438
      53.982      652.000       85.980      806.957
      55.009      659.000       86.496      807.648
      56.025      713.100       86.754      807.773
      57.054      652.000       76.543      797.387
      58.069      539.000       76.543      797.387
      59.090      328.100       76.543      797.387
      60.106      479.000       76.543      797.387
      61.128      604.600       76.543      797.387
      62.144      468.600       76.543      797.387
      63.161      651.100       76.543      797.387
      64.181      413.500       76.543      797.387
      65.200      618.300       76.543      797.387
      66.217      539.800       76.543      797.387
